<?xml version="1.0" encoding="UTF-8"?>
<!-- Generated by org.testng.reporters.JUnitReportReporter -->
<testsuite hostname="DESKTOP-9DM6QIP" failures="0" tests="3" name="com.avactis.testcases.RegisteredUserTest" time="17.451" errors="3" timestamp="2024-11-14T23:49:49 IST" skipped="0">
  <testcase classname="com.avactis.testcases.RegisteredUserTest" name="RegisteredUser" time="5.585">
    <error message="Unresolved compilation problems: 
	ProductPage cannot be resolved to a type
	The method searchProduct(String) is undefined for the type HomePage
	quantity cannot be resolved to a variable
	CartPage cannot be resolved to a type
	quantity cannot be resolved to a variable
	expectedPrice cannot be resolved to a variable
	CheckOutPage cannot be resolved to a type
	expectedPrice cannot be resolved to a variable
	quantity cannot be resolved to a variable
	expectedPrice cannot be resolved to a variable
	The method getOrderID() is undefined for the type OrderConfirmationPage
	AdminOrderPage cannot be resolved to a type
	AdminOrderPage cannot be resolved to a type
	quantity cannot be resolved to a variable
	expectedPrice cannot be resolved to a variable
" type="java.lang.Error">
      <![CDATA[java.lang.Error: Unresolved compilation problems: 
ProductPage cannot be resolved to a type
The method searchProduct(String) is undefined for the type HomePage
quantity cannot be resolved to a variable
CartPage cannot be resolved to a type
quantity cannot be resolved to a variable
expectedPrice cannot be resolved to a variable
CheckOutPage cannot be resolved to a type
expectedPrice cannot be resolved to a variable
quantity cannot be resolved to a variable
expectedPrice cannot be resolved to a variable
The method getOrderID() is undefined for the type OrderConfirmationPage
AdminOrderPage cannot be resolved to a type
AdminOrderPage cannot be resolved to a type
quantity cannot be resolved to a variable
expectedPrice cannot be resolved to a variable

at com.avactis.testcases.RegisteredUserTest.RegisteredUser(RegisteredUserTest.java:58)
at java.base/jdk.internal.reflect.DirectMethodHandleAccessor.invoke(DirectMethodHandleAccessor.java:103)
at java.base/java.lang.reflect.Method.invoke(Method.java:580)
at org.testng.internal.MethodInvocationHelper.invokeMethod(MethodInvocationHelper.java:133)
at org.testng.internal.TestInvoker.invokeMethod(TestInvoker.java:598)
at org.testng.internal.TestInvoker.invokeTestMethod(TestInvoker.java:173)
at org.testng.internal.MethodRunner.runInSequence(MethodRunner.java:46)
at org.testng.internal.TestInvoker$MethodInvocationAgent.invoke(TestInvoker.java:824)
at org.testng.internal.TestInvoker.invokeTestMethods(TestInvoker.java:146)
at org.testng.internal.TestMethodWorker.invokeTestMethods(TestMethodWorker.java:146)
at org.testng.internal.TestMethodWorker.run(TestMethodWorker.java:128)
at java.base/java.util.ArrayList.forEach(ArrayList.java:1596)
at org.testng.TestRunner.privateRun(TestRunner.java:794)
at org.testng.TestRunner.run(TestRunner.java:596)
at org.testng.SuiteRunner.runTest(SuiteRunner.java:377)
at org.testng.SuiteRunner.runSequentially(SuiteRunner.java:371)
at org.testng.SuiteRunner.privateRun(SuiteRunner.java:332)
at org.testng.SuiteRunner.run(SuiteRunner.java:276)
at org.testng.SuiteRunnerWorker.runSuite(SuiteRunnerWorker.java:53)
at org.testng.SuiteRunnerWorker.run(SuiteRunnerWorker.java:96)
at org.testng.TestNG.runSuitesSequentially(TestNG.java:1212)
at org.testng.TestNG.runSuitesLocally(TestNG.java:1134)
at org.testng.TestNG.runSuites(TestNG.java:1063)
at org.testng.TestNG.run(TestNG.java:1031)
at org.testng.remote.AbstractRemoteTestNG.run(AbstractRemoteTestNG.java:115)
at org.testng.remote.RemoteTestNG.initAndRun(RemoteTestNG.java:293)
at org.testng.remote.RemoteTestNG.main(RemoteTestNG.java:91)
]]>
    </error>
  </testcase> <!-- RegisteredUser -->
  <system-out/>
  <testcase classname="com.avactis.testcases.RegisteredUserTest" name="RegisteredUser" time="6.454">
    <error message="Unresolved compilation problems: 
	ProductPage cannot be resolved to a type
	The method searchProduct(String) is undefined for the type HomePage
	quantity cannot be resolved to a variable
	CartPage cannot be resolved to a type
	quantity cannot be resolved to a variable
	expectedPrice cannot be resolved to a variable
	CheckOutPage cannot be resolved to a type
	expectedPrice cannot be resolved to a variable
	quantity cannot be resolved to a variable
	expectedPrice cannot be resolved to a variable
	The method getOrderID() is undefined for the type OrderConfirmationPage
	AdminOrderPage cannot be resolved to a type
	AdminOrderPage cannot be resolved to a type
	quantity cannot be resolved to a variable
	expectedPrice cannot be resolved to a variable
" type="java.lang.Error">
      <![CDATA[java.lang.Error: Unresolved compilation problems: 
ProductPage cannot be resolved to a type
The method searchProduct(String) is undefined for the type HomePage
quantity cannot be resolved to a variable
CartPage cannot be resolved to a type
quantity cannot be resolved to a variable
expectedPrice cannot be resolved to a variable
CheckOutPage cannot be resolved to a type
expectedPrice cannot be resolved to a variable
quantity cannot be resolved to a variable
expectedPrice cannot be resolved to a variable
The method getOrderID() is undefined for the type OrderConfirmationPage
AdminOrderPage cannot be resolved to a type
AdminOrderPage cannot be resolved to a type
quantity cannot be resolved to a variable
expectedPrice cannot be resolved to a variable

at com.avactis.testcases.RegisteredUserTest.RegisteredUser(RegisteredUserTest.java:58)
at java.base/jdk.internal.reflect.DirectMethodHandleAccessor.invoke(DirectMethodHandleAccessor.java:103)
at java.base/java.lang.reflect.Method.invoke(Method.java:580)
at org.testng.internal.MethodInvocationHelper.invokeMethod(MethodInvocationHelper.java:133)
at org.testng.internal.TestInvoker.invokeMethod(TestInvoker.java:598)
at org.testng.internal.TestInvoker.invokeTestMethod(TestInvoker.java:173)
at org.testng.internal.MethodRunner.runInSequence(MethodRunner.java:46)
at org.testng.internal.TestInvoker$MethodInvocationAgent.invoke(TestInvoker.java:824)
at org.testng.internal.TestInvoker.invokeTestMethods(TestInvoker.java:146)
at org.testng.internal.TestMethodWorker.invokeTestMethods(TestMethodWorker.java:146)
at org.testng.internal.TestMethodWorker.run(TestMethodWorker.java:128)
at java.base/java.util.ArrayList.forEach(ArrayList.java:1596)
at org.testng.TestRunner.privateRun(TestRunner.java:794)
at org.testng.TestRunner.run(TestRunner.java:596)
at org.testng.SuiteRunner.runTest(SuiteRunner.java:377)
at org.testng.SuiteRunner.runSequentially(SuiteRunner.java:371)
at org.testng.SuiteRunner.privateRun(SuiteRunner.java:332)
at org.testng.SuiteRunner.run(SuiteRunner.java:276)
at org.testng.SuiteRunnerWorker.runSuite(SuiteRunnerWorker.java:53)
at org.testng.SuiteRunnerWorker.run(SuiteRunnerWorker.java:96)
at org.testng.TestNG.runSuitesSequentially(TestNG.java:1212)
at org.testng.TestNG.runSuitesLocally(TestNG.java:1134)
at org.testng.TestNG.runSuites(TestNG.java:1063)
at org.testng.TestNG.run(TestNG.java:1031)
at org.testng.remote.AbstractRemoteTestNG.run(AbstractRemoteTestNG.java:115)
at org.testng.remote.RemoteTestNG.initAndRun(RemoteTestNG.java:293)
at org.testng.remote.RemoteTestNG.main(RemoteTestNG.java:91)
]]>
    </error>
  </testcase> <!-- RegisteredUser -->
  <system-out/>
  <testcase classname="com.avactis.testcases.RegisteredUserTest" name="RegisteredUser" time="5.412">
    <error message="Unresolved compilation problems: 
	ProductPage cannot be resolved to a type
	The method searchProduct(String) is undefined for the type HomePage
	quantity cannot be resolved to a variable
	CartPage cannot be resolved to a type
	quantity cannot be resolved to a variable
	expectedPrice cannot be resolved to a variable
	CheckOutPage cannot be resolved to a type
	expectedPrice cannot be resolved to a variable
	quantity cannot be resolved to a variable
	expectedPrice cannot be resolved to a variable
	The method getOrderID() is undefined for the type OrderConfirmationPage
	AdminOrderPage cannot be resolved to a type
	AdminOrderPage cannot be resolved to a type
	quantity cannot be resolved to a variable
	expectedPrice cannot be resolved to a variable
" type="java.lang.Error">
      <![CDATA[java.lang.Error: Unresolved compilation problems: 
ProductPage cannot be resolved to a type
The method searchProduct(String) is undefined for the type HomePage
quantity cannot be resolved to a variable
CartPage cannot be resolved to a type
quantity cannot be resolved to a variable
expectedPrice cannot be resolved to a variable
CheckOutPage cannot be resolved to a type
expectedPrice cannot be resolved to a variable
quantity cannot be resolved to a variable
expectedPrice cannot be resolved to a variable
The method getOrderID() is undefined for the type OrderConfirmationPage
AdminOrderPage cannot be resolved to a type
AdminOrderPage cannot be resolved to a type
quantity cannot be resolved to a variable
expectedPrice cannot be resolved to a variable

at com.avactis.testcases.RegisteredUserTest.RegisteredUser(RegisteredUserTest.java:58)
at java.base/jdk.internal.reflect.DirectMethodHandleAccessor.invoke(DirectMethodHandleAccessor.java:103)
at java.base/java.lang.reflect.Method.invoke(Method.java:580)
at org.testng.internal.MethodInvocationHelper.invokeMethod(MethodInvocationHelper.java:133)
at org.testng.internal.TestInvoker.invokeMethod(TestInvoker.java:598)
at org.testng.internal.TestInvoker.invokeTestMethod(TestInvoker.java:173)
at org.testng.internal.MethodRunner.runInSequence(MethodRunner.java:46)
at org.testng.internal.TestInvoker$MethodInvocationAgent.invoke(TestInvoker.java:824)
at org.testng.internal.TestInvoker.invokeTestMethods(TestInvoker.java:146)
at org.testng.internal.TestMethodWorker.invokeTestMethods(TestMethodWorker.java:146)
at org.testng.internal.TestMethodWorker.run(TestMethodWorker.java:128)
at java.base/java.util.ArrayList.forEach(ArrayList.java:1596)
at org.testng.TestRunner.privateRun(TestRunner.java:794)
at org.testng.TestRunner.run(TestRunner.java:596)
at org.testng.SuiteRunner.runTest(SuiteRunner.java:377)
at org.testng.SuiteRunner.runSequentially(SuiteRunner.java:371)
at org.testng.SuiteRunner.privateRun(SuiteRunner.java:332)
at org.testng.SuiteRunner.run(SuiteRunner.java:276)
at org.testng.SuiteRunnerWorker.runSuite(SuiteRunnerWorker.java:53)
at org.testng.SuiteRunnerWorker.run(SuiteRunnerWorker.java:96)
at org.testng.TestNG.runSuitesSequentially(TestNG.java:1212)
at org.testng.TestNG.runSuitesLocally(TestNG.java:1134)
at org.testng.TestNG.runSuites(TestNG.java:1063)
at org.testng.TestNG.run(TestNG.java:1031)
at org.testng.remote.AbstractRemoteTestNG.run(AbstractRemoteTestNG.java:115)
at org.testng.remote.RemoteTestNG.initAndRun(RemoteTestNG.java:293)
at org.testng.remote.RemoteTestNG.main(RemoteTestNG.java:91)
]]>
    </error>
  </testcase> <!-- RegisteredUser -->
  <system-out/>
</testsuite> <!-- com.avactis.testcases.RegisteredUserTest -->
